<?xml version="1.0" encoding="UTF-8"?>
<!-- Generated by org.testng.reporters.JUnitReportReporter -->
<testsuite hostname="DESKTOP-SR1I626" failures="0" tests="1" name="com.epharma.testscript.PharmacyModule" time="0.012" errors="0" timestamp="2025-10-29T12:39:58 IST" skipped="0">
  <testcase classname="com.epharma.testscript.PharmacyModule" name="orderMedicines" time="0.012">
    <system-out>
      <![CDATA[Medicines has been ordered]]>
    </system-out>
  </testcase> <!-- orderMedicines -->
  <system-out>
    <![CDATA[Medicines has been ordered]]>
  </system-out>
</testsuite> <!-- com.epharma.testscript.PharmacyModule -->
